ERROR - 2025-06-23 13:20:18 --> Error connecting to the database: mysqli_sql_exception: Access denied for user ''@'localhost' (using password: NO) in C:\XAMPP\htdocs\lab11_php_ci\ci4\system\Database\MySQLi\Connection.php:201
Stack trace:
#0 C:\XAMPP\htdocs\lab11_php_ci\ci4\system\Database\MySQLi\Connection.php(201): mysqli->real_connect('localhost', '', Object(SensitiveParameterValue), '', 3306, '', 0)
#1 C:\XAMPP\htdocs\lab11_php_ci\ci4\system\Database\BaseConnection.php(421): CodeIgniter\Database\MySQLi\Connection->connect(false)
#2 C:\XAMPP\htdocs\lab11_php_ci\ci4\system\Database\BaseConnection.php(620): CodeIgniter\Database\BaseConnection->initialize()
#3 C:\XAMPP\htdocs\lab11_php_ci\ci4\system\Database\BaseBuilder.php(1649): CodeIgniter\Database\BaseConnection->query('SELECT *\nFROM `...', Array, false)
#4 C:\XAMPP\htdocs\lab11_php_ci\ci4\system\Model.php(286): CodeIgniter\Database\BaseBuilder->get()
#5 C:\XAMPP\htdocs\lab11_php_ci\ci4\system\BaseModel.php(679): CodeIgniter\Model->doFindAll(0, 0)
#6 C:\XAMPP\htdocs\lab11_php_ci\ci4\app\Controllers\Artikel.php(13): CodeIgniter\BaseModel->findAll()
#7 C:\XAMPP\htdocs\lab11_php_ci\ci4\system\CodeIgniter.php(933): App\Controllers\Artikel->index()
#8 C:\XAMPP\htdocs\lab11_php_ci\ci4\system\CodeIgniter.php(507): CodeIgniter\CodeIgniter->runController(Object(App\Controllers\Artikel))
#9 C:\XAMPP\htdocs\lab11_php_ci\ci4\system\CodeIgniter.php(354): CodeIgniter\CodeIgniter->handleRequest(NULL, Object(Config\Cache), false)
#10 C:\XAMPP\htdocs\lab11_php_ci\ci4\system\Boot.php(334): CodeIgniter\CodeIgniter->run()
#11 C:\XAMPP\htdocs\lab11_php_ci\ci4\system\Boot.php(67): CodeIgniter\Boot::runCodeIgniter(Object(CodeIgniter\CodeIgniter))
#12 C:\XAMPP\htdocs\lab11_php_ci\ci4\public\index.php(59): CodeIgniter\Boot::bootWeb(Object(Config\Paths))
#13 C:\XAMPP\htdocs\lab11_php_ci\ci4\system\rewrite.php(44): require_once('C:\\XAMPP\\htdocs...')
#14 {main}

Next CodeIgniter\Database\Exceptions\DatabaseException: Access denied for user ''@'localhost' (using password: NO) in C:\XAMPP\htdocs\lab11_php_ci\ci4\system\Database\MySQLi\Connection.php:246
Stack trace:
#0 C:\XAMPP\htdocs\lab11_php_ci\ci4\system\Database\BaseConnection.php(421): CodeIgniter\Database\MySQLi\Connection->connect(false)
#1 C:\XAMPP\htdocs\lab11_php_ci\ci4\system\Database\BaseConnection.php(620): CodeIgniter\Database\BaseConnection->initialize()
#2 C:\XAMPP\htdocs\lab11_php_ci\ci4\system\Database\BaseBuilder.php(1649): CodeIgniter\Database\BaseConnection->query('SELECT *\nFROM `...', Array, false)
#3 C:\XAMPP\htdocs\lab11_php_ci\ci4\system\Model.php(286): CodeIgniter\Database\BaseBuilder->get()
#4 C:\XAMPP\htdocs\lab11_php_ci\ci4\system\BaseModel.php(679): CodeIgniter\Model->doFindAll(0, 0)
#5 C:\XAMPP\htdocs\lab11_php_ci\ci4\app\Controllers\Artikel.php(13): CodeIgniter\BaseModel->findAll()
#6 C:\XAMPP\htdocs\lab11_php_ci\ci4\system\CodeIgniter.php(933): App\Controllers\Artikel->index()
#7 C:\XAMPP\htdocs\lab11_php_ci\ci4\system\CodeIgniter.php(507): CodeIgniter\CodeIgniter->runController(Object(App\Controllers\Artikel))
#8 C:\XAMPP\htdocs\lab11_php_ci\ci4\system\CodeIgniter.php(354): CodeIgniter\CodeIgniter->handleRequest(NULL, Object(Config\Cache), false)
#9 C:\XAMPP\htdocs\lab11_php_ci\ci4\system\Boot.php(334): CodeIgniter\CodeIgniter->run()
#10 C:\XAMPP\htdocs\lab11_php_ci\ci4\system\Boot.php(67): CodeIgniter\Boot::runCodeIgniter(Object(CodeIgniter\CodeIgniter))
#11 C:\XAMPP\htdocs\lab11_php_ci\ci4\public\index.php(59): CodeIgniter\Boot::bootWeb(Object(Config\Paths))
#12 C:\XAMPP\htdocs\lab11_php_ci\ci4\system\rewrite.php(44): require_once('C:\\XAMPP\\htdocs...')
#13 {main}
CRITICAL - 2025-06-23 13:20:18 --> CodeIgniter\Database\Exceptions\DatabaseException: Unable to connect to the database.
Main connection [MySQLi]: Access denied for user ''@'localhost' (using password: NO)
[Method: GET, Route: artikel]
in SYSTEMPATH\Database\BaseConnection.php on line 467.
 1 SYSTEMPATH\Database\BaseConnection.php(620): CodeIgniter\Database\BaseConnection->initialize()
 2 SYSTEMPATH\Database\BaseBuilder.php(1649): CodeIgniter\Database\BaseConnection->query('SELECT *
FROM `artikel`', [], false)
 3 SYSTEMPATH\Model.php(286): CodeIgniter\Database\BaseBuilder->get()
 4 SYSTEMPATH\BaseModel.php(679): CodeIgniter\Model->doFindAll(0, 0)
 5 APPPATH\Controllers\Artikel.php(13): CodeIgniter\BaseModel->findAll()
 6 SYSTEMPATH\CodeIgniter.php(933): App\Controllers\Artikel->index()
 7 SYSTEMPATH\CodeIgniter.php(507): CodeIgniter\CodeIgniter->runController(Object(App\Controllers\Artikel))
 8 SYSTEMPATH\CodeIgniter.php(354): CodeIgniter\CodeIgniter->handleRequest(null, Object(Config\Cache), false)
 9 SYSTEMPATH\Boot.php(334): CodeIgniter\CodeIgniter->run()
10 SYSTEMPATH\Boot.php(67): CodeIgniter\Boot::runCodeIgniter(Object(CodeIgniter\CodeIgniter))
11 FCPATH\index.php(59): CodeIgniter\Boot::bootWeb(Object(Config\Paths))
12 SYSTEMPATH\rewrite.php(44): require_once('C:\\XAMPP\\htdocs\\lab11_php_ci\\ci4\\public\\index.php')
ERROR - 2025-06-23 13:26:35 --> Error connecting to the database: mysqli_sql_exception: Access denied for user ''@'localhost' (using password: NO) in C:\XAMPP\htdocs\lab11_php_ci\ci4\system\Database\MySQLi\Connection.php:201
Stack trace:
#0 C:\XAMPP\htdocs\lab11_php_ci\ci4\system\Database\MySQLi\Connection.php(201): mysqli->real_connect('localhost', '', Object(SensitiveParameterValue), '', 3306, '', 0)
#1 C:\XAMPP\htdocs\lab11_php_ci\ci4\system\Database\BaseConnection.php(421): CodeIgniter\Database\MySQLi\Connection->connect(false)
#2 C:\XAMPP\htdocs\lab11_php_ci\ci4\system\Database\BaseConnection.php(620): CodeIgniter\Database\BaseConnection->initialize()
#3 C:\XAMPP\htdocs\lab11_php_ci\ci4\system\Database\BaseBuilder.php(1649): CodeIgniter\Database\BaseConnection->query('SELECT *\nFROM `...', Array, false)
#4 C:\XAMPP\htdocs\lab11_php_ci\ci4\system\Model.php(286): CodeIgniter\Database\BaseBuilder->get()
#5 C:\XAMPP\htdocs\lab11_php_ci\ci4\system\BaseModel.php(679): CodeIgniter\Model->doFindAll(0, 0)
#6 C:\XAMPP\htdocs\lab11_php_ci\ci4\app\Controllers\Artikel.php(12): CodeIgniter\BaseModel->findAll()
#7 C:\XAMPP\htdocs\lab11_php_ci\ci4\system\CodeIgniter.php(933): App\Controllers\Artikel->index()
#8 C:\XAMPP\htdocs\lab11_php_ci\ci4\system\CodeIgniter.php(507): CodeIgniter\CodeIgniter->runController(Object(App\Controllers\Artikel))
#9 C:\XAMPP\htdocs\lab11_php_ci\ci4\system\CodeIgniter.php(354): CodeIgniter\CodeIgniter->handleRequest(NULL, Object(Config\Cache), false)
#10 C:\XAMPP\htdocs\lab11_php_ci\ci4\system\Boot.php(334): CodeIgniter\CodeIgniter->run()
#11 C:\XAMPP\htdocs\lab11_php_ci\ci4\system\Boot.php(67): CodeIgniter\Boot::runCodeIgniter(Object(CodeIgniter\CodeIgniter))
#12 C:\XAMPP\htdocs\lab11_php_ci\ci4\public\index.php(59): CodeIgniter\Boot::bootWeb(Object(Config\Paths))
#13 C:\XAMPP\htdocs\lab11_php_ci\ci4\system\rewrite.php(44): require_once('C:\\XAMPP\\htdocs...')
#14 {main}

Next CodeIgniter\Database\Exceptions\DatabaseException: Access denied for user ''@'localhost' (using password: NO) in C:\XAMPP\htdocs\lab11_php_ci\ci4\system\Database\MySQLi\Connection.php:246
Stack trace:
#0 C:\XAMPP\htdocs\lab11_php_ci\ci4\system\Database\BaseConnection.php(421): CodeIgniter\Database\MySQLi\Connection->connect(false)
#1 C:\XAMPP\htdocs\lab11_php_ci\ci4\system\Database\BaseConnection.php(620): CodeIgniter\Database\BaseConnection->initialize()
#2 C:\XAMPP\htdocs\lab11_php_ci\ci4\system\Database\BaseBuilder.php(1649): CodeIgniter\Database\BaseConnection->query('SELECT *\nFROM `...', Array, false)
#3 C:\XAMPP\htdocs\lab11_php_ci\ci4\system\Model.php(286): CodeIgniter\Database\BaseBuilder->get()
#4 C:\XAMPP\htdocs\lab11_php_ci\ci4\system\BaseModel.php(679): CodeIgniter\Model->doFindAll(0, 0)
#5 C:\XAMPP\htdocs\lab11_php_ci\ci4\app\Controllers\Artikel.php(12): CodeIgniter\BaseModel->findAll()
#6 C:\XAMPP\htdocs\lab11_php_ci\ci4\system\CodeIgniter.php(933): App\Controllers\Artikel->index()
#7 C:\XAMPP\htdocs\lab11_php_ci\ci4\system\CodeIgniter.php(507): CodeIgniter\CodeIgniter->runController(Object(App\Controllers\Artikel))
#8 C:\XAMPP\htdocs\lab11_php_ci\ci4\system\CodeIgniter.php(354): CodeIgniter\CodeIgniter->handleRequest(NULL, Object(Config\Cache), false)
#9 C:\XAMPP\htdocs\lab11_php_ci\ci4\system\Boot.php(334): CodeIgniter\CodeIgniter->run()
#10 C:\XAMPP\htdocs\lab11_php_ci\ci4\system\Boot.php(67): CodeIgniter\Boot::runCodeIgniter(Object(CodeIgniter\CodeIgniter))
#11 C:\XAMPP\htdocs\lab11_php_ci\ci4\public\index.php(59): CodeIgniter\Boot::bootWeb(Object(Config\Paths))
#12 C:\XAMPP\htdocs\lab11_php_ci\ci4\system\rewrite.php(44): require_once('C:\\XAMPP\\htdocs...')
#13 {main}
CRITICAL - 2025-06-23 13:26:35 --> CodeIgniter\Database\Exceptions\DatabaseException: Unable to connect to the database.
Main connection [MySQLi]: Access denied for user ''@'localhost' (using password: NO)
[Method: GET, Route: artikel]
in SYSTEMPATH\Database\BaseConnection.php on line 467.
 1 SYSTEMPATH\Database\BaseConnection.php(620): CodeIgniter\Database\BaseConnection->initialize()
 2 SYSTEMPATH\Database\BaseBuilder.php(1649): CodeIgniter\Database\BaseConnection->query('SELECT *
FROM `artikel`', [], false)
 3 SYSTEMPATH\Model.php(286): CodeIgniter\Database\BaseBuilder->get()
 4 SYSTEMPATH\BaseModel.php(679): CodeIgniter\Model->doFindAll(0, 0)
 5 APPPATH\Controllers\Artikel.php(12): CodeIgniter\BaseModel->findAll()
 6 SYSTEMPATH\CodeIgniter.php(933): App\Controllers\Artikel->index()
 7 SYSTEMPATH\CodeIgniter.php(507): CodeIgniter\CodeIgniter->runController(Object(App\Controllers\Artikel))
 8 SYSTEMPATH\CodeIgniter.php(354): CodeIgniter\CodeIgniter->handleRequest(null, Object(Config\Cache), false)
 9 SYSTEMPATH\Boot.php(334): CodeIgniter\CodeIgniter->run()
10 SYSTEMPATH\Boot.php(67): CodeIgniter\Boot::runCodeIgniter(Object(CodeIgniter\CodeIgniter))
11 FCPATH\index.php(59): CodeIgniter\Boot::bootWeb(Object(Config\Paths))
12 SYSTEMPATH\rewrite.php(44): require_once('C:\\XAMPP\\htdocs\\lab11_php_ci\\ci4\\public\\index.php')
ERROR - 2025-06-23 13:27:00 --> Error connecting to the database: mysqli_sql_exception: Access denied for user ''@'localhost' (using password: NO) in C:\XAMPP\htdocs\lab11_php_ci\ci4\system\Database\MySQLi\Connection.php:201
Stack trace:
#0 C:\XAMPP\htdocs\lab11_php_ci\ci4\system\Database\MySQLi\Connection.php(201): mysqli->real_connect('localhost', '', Object(SensitiveParameterValue), '', 3306, '', 0)
#1 C:\XAMPP\htdocs\lab11_php_ci\ci4\system\Database\BaseConnection.php(421): CodeIgniter\Database\MySQLi\Connection->connect(false)
#2 C:\XAMPP\htdocs\lab11_php_ci\ci4\system\Database\BaseConnection.php(620): CodeIgniter\Database\BaseConnection->initialize()
#3 C:\XAMPP\htdocs\lab11_php_ci\ci4\system\Database\BaseBuilder.php(1649): CodeIgniter\Database\BaseConnection->query('SELECT *\nFROM `...', Array, false)
#4 C:\XAMPP\htdocs\lab11_php_ci\ci4\system\Model.php(330): CodeIgniter\Database\BaseBuilder->get()
#5 C:\XAMPP\htdocs\lab11_php_ci\ci4\system\BaseModel.php(717): CodeIgniter\Model->doFirst()
#6 C:\XAMPP\htdocs\lab11_php_ci\ci4\app\Controllers\Artikel.php(20): CodeIgniter\BaseModel->first()
#7 C:\XAMPP\htdocs\lab11_php_ci\ci4\system\CodeIgniter.php(933): App\Controllers\Artikel->view('artikel-pertama')
#8 C:\XAMPP\htdocs\lab11_php_ci\ci4\system\CodeIgniter.php(507): CodeIgniter\CodeIgniter->runController(Object(App\Controllers\Artikel))
#9 C:\XAMPP\htdocs\lab11_php_ci\ci4\system\CodeIgniter.php(354): CodeIgniter\CodeIgniter->handleRequest(NULL, Object(Config\Cache), false)
#10 C:\XAMPP\htdocs\lab11_php_ci\ci4\system\Boot.php(334): CodeIgniter\CodeIgniter->run()
#11 C:\XAMPP\htdocs\lab11_php_ci\ci4\system\Boot.php(67): CodeIgniter\Boot::runCodeIgniter(Object(CodeIgniter\CodeIgniter))
#12 C:\XAMPP\htdocs\lab11_php_ci\ci4\public\index.php(59): CodeIgniter\Boot::bootWeb(Object(Config\Paths))
#13 C:\XAMPP\htdocs\lab11_php_ci\ci4\system\rewrite.php(44): require_once('C:\\XAMPP\\htdocs...')
#14 {main}

Next CodeIgniter\Database\Exceptions\DatabaseException: Access denied for user ''@'localhost' (using password: NO) in C:\XAMPP\htdocs\lab11_php_ci\ci4\system\Database\MySQLi\Connection.php:246
Stack trace:
#0 C:\XAMPP\htdocs\lab11_php_ci\ci4\system\Database\BaseConnection.php(421): CodeIgniter\Database\MySQLi\Connection->connect(false)
#1 C:\XAMPP\htdocs\lab11_php_ci\ci4\system\Database\BaseConnection.php(620): CodeIgniter\Database\BaseConnection->initialize()
#2 C:\XAMPP\htdocs\lab11_php_ci\ci4\system\Database\BaseBuilder.php(1649): CodeIgniter\Database\BaseConnection->query('SELECT *\nFROM `...', Array, false)
#3 C:\XAMPP\htdocs\lab11_php_ci\ci4\system\Model.php(330): CodeIgniter\Database\BaseBuilder->get()
#4 C:\XAMPP\htdocs\lab11_php_ci\ci4\system\BaseModel.php(717): CodeIgniter\Model->doFirst()
#5 C:\XAMPP\htdocs\lab11_php_ci\ci4\app\Controllers\Artikel.php(20): CodeIgniter\BaseModel->first()
#6 C:\XAMPP\htdocs\lab11_php_ci\ci4\system\CodeIgniter.php(933): App\Controllers\Artikel->view('artikel-pertama')
#7 C:\XAMPP\htdocs\lab11_php_ci\ci4\system\CodeIgniter.php(507): CodeIgniter\CodeIgniter->runController(Object(App\Controllers\Artikel))
#8 C:\XAMPP\htdocs\lab11_php_ci\ci4\system\CodeIgniter.php(354): CodeIgniter\CodeIgniter->handleRequest(NULL, Object(Config\Cache), false)
#9 C:\XAMPP\htdocs\lab11_php_ci\ci4\system\Boot.php(334): CodeIgniter\CodeIgniter->run()
#10 C:\XAMPP\htdocs\lab11_php_ci\ci4\system\Boot.php(67): CodeIgniter\Boot::runCodeIgniter(Object(CodeIgniter\CodeIgniter))
#11 C:\XAMPP\htdocs\lab11_php_ci\ci4\public\index.php(59): CodeIgniter\Boot::bootWeb(Object(Config\Paths))
#12 C:\XAMPP\htdocs\lab11_php_ci\ci4\system\rewrite.php(44): require_once('C:\\XAMPP\\htdocs...')
#13 {main}
CRITICAL - 2025-06-23 13:27:00 --> CodeIgniter\Database\Exceptions\DatabaseException: Unable to connect to the database.
Main connection [MySQLi]: Access denied for user ''@'localhost' (using password: NO)
[Method: GET, Route: artikel/artikel-pertama]
in SYSTEMPATH\Database\BaseConnection.php on line 467.
 1 SYSTEMPATH\Database\BaseConnection.php(620): CodeIgniter\Database\BaseConnection->initialize()
 2 SYSTEMPATH\Database\BaseBuilder.php(1649): CodeIgniter\Database\BaseConnection->query('SELECT *
FROM `artikel`
WHERE `slug` = :slug:
 LIMIT 1', [...], false)
 3 SYSTEMPATH\Model.php(330): CodeIgniter\Database\BaseBuilder->get()
 4 SYSTEMPATH\BaseModel.php(717): CodeIgniter\Model->doFirst()
 5 APPPATH\Controllers\Artikel.php(20): CodeIgniter\BaseModel->first()
 6 SYSTEMPATH\CodeIgniter.php(933): App\Controllers\Artikel->view('artikel-pertama')
 7 SYSTEMPATH\CodeIgniter.php(507): CodeIgniter\CodeIgniter->runController(Object(App\Controllers\Artikel))
 8 SYSTEMPATH\CodeIgniter.php(354): CodeIgniter\CodeIgniter->handleRequest(null, Object(Config\Cache), false)
 9 SYSTEMPATH\Boot.php(334): CodeIgniter\CodeIgniter->run()
10 SYSTEMPATH\Boot.php(67): CodeIgniter\Boot::runCodeIgniter(Object(CodeIgniter\CodeIgniter))
11 FCPATH\index.php(59): CodeIgniter\Boot::bootWeb(Object(Config\Paths))
12 SYSTEMPATH\rewrite.php(44): require_once('C:\\XAMPP\\htdocs\\lab11_php_ci\\ci4\\public\\index.php')
ERROR - 2025-06-23 13:27:47 --> Error connecting to the database: mysqli_sql_exception: Access denied for user ''@'localhost' (using password: NO) in C:\XAMPP\htdocs\lab11_php_ci\ci4\system\Database\MySQLi\Connection.php:201
Stack trace:
#0 C:\XAMPP\htdocs\lab11_php_ci\ci4\system\Database\MySQLi\Connection.php(201): mysqli->real_connect('localhost', '', Object(SensitiveParameterValue), '', 3306, '', 0)
#1 C:\XAMPP\htdocs\lab11_php_ci\ci4\system\Database\BaseConnection.php(421): CodeIgniter\Database\MySQLi\Connection->connect(false)
#2 C:\XAMPP\htdocs\lab11_php_ci\ci4\system\Database\BaseConnection.php(620): CodeIgniter\Database\BaseConnection->initialize()
#3 C:\XAMPP\htdocs\lab11_php_ci\ci4\system\Database\BaseBuilder.php(1649): CodeIgniter\Database\BaseConnection->query('SELECT *\nFROM `...', Array, false)
#4 C:\XAMPP\htdocs\lab11_php_ci\ci4\system\Model.php(330): CodeIgniter\Database\BaseBuilder->get()
#5 C:\XAMPP\htdocs\lab11_php_ci\ci4\system\BaseModel.php(717): CodeIgniter\Model->doFirst()
#6 C:\XAMPP\htdocs\lab11_php_ci\ci4\app\Controllers\Artikel.php(20): CodeIgniter\BaseModel->first()
#7 C:\XAMPP\htdocs\lab11_php_ci\ci4\system\CodeIgniter.php(933): App\Controllers\Artikel->view('artikel-pertama')
#8 C:\XAMPP\htdocs\lab11_php_ci\ci4\system\CodeIgniter.php(507): CodeIgniter\CodeIgniter->runController(Object(App\Controllers\Artikel))
#9 C:\XAMPP\htdocs\lab11_php_ci\ci4\system\CodeIgniter.php(354): CodeIgniter\CodeIgniter->handleRequest(NULL, Object(Config\Cache), false)
#10 C:\XAMPP\htdocs\lab11_php_ci\ci4\system\Boot.php(334): CodeIgniter\CodeIgniter->run()
#11 C:\XAMPP\htdocs\lab11_php_ci\ci4\system\Boot.php(67): CodeIgniter\Boot::runCodeIgniter(Object(CodeIgniter\CodeIgniter))
#12 C:\XAMPP\htdocs\lab11_php_ci\ci4\public\index.php(59): CodeIgniter\Boot::bootWeb(Object(Config\Paths))
#13 C:\XAMPP\htdocs\lab11_php_ci\ci4\system\rewrite.php(44): require_once('C:\\XAMPP\\htdocs...')
#14 {main}

Next CodeIgniter\Database\Exceptions\DatabaseException: Access denied for user ''@'localhost' (using password: NO) in C:\XAMPP\htdocs\lab11_php_ci\ci4\system\Database\MySQLi\Connection.php:246
Stack trace:
#0 C:\XAMPP\htdocs\lab11_php_ci\ci4\system\Database\BaseConnection.php(421): CodeIgniter\Database\MySQLi\Connection->connect(false)
#1 C:\XAMPP\htdocs\lab11_php_ci\ci4\system\Database\BaseConnection.php(620): CodeIgniter\Database\BaseConnection->initialize()
#2 C:\XAMPP\htdocs\lab11_php_ci\ci4\system\Database\BaseBuilder.php(1649): CodeIgniter\Database\BaseConnection->query('SELECT *\nFROM `...', Array, false)
#3 C:\XAMPP\htdocs\lab11_php_ci\ci4\system\Model.php(330): CodeIgniter\Database\BaseBuilder->get()
#4 C:\XAMPP\htdocs\lab11_php_ci\ci4\system\BaseModel.php(717): CodeIgniter\Model->doFirst()
#5 C:\XAMPP\htdocs\lab11_php_ci\ci4\app\Controllers\Artikel.php(20): CodeIgniter\BaseModel->first()
#6 C:\XAMPP\htdocs\lab11_php_ci\ci4\system\CodeIgniter.php(933): App\Controllers\Artikel->view('artikel-pertama')
#7 C:\XAMPP\htdocs\lab11_php_ci\ci4\system\CodeIgniter.php(507): CodeIgniter\CodeIgniter->runController(Object(App\Controllers\Artikel))
#8 C:\XAMPP\htdocs\lab11_php_ci\ci4\system\CodeIgniter.php(354): CodeIgniter\CodeIgniter->handleRequest(NULL, Object(Config\Cache), false)
#9 C:\XAMPP\htdocs\lab11_php_ci\ci4\system\Boot.php(334): CodeIgniter\CodeIgniter->run()
#10 C:\XAMPP\htdocs\lab11_php_ci\ci4\system\Boot.php(67): CodeIgniter\Boot::runCodeIgniter(Object(CodeIgniter\CodeIgniter))
#11 C:\XAMPP\htdocs\lab11_php_ci\ci4\public\index.php(59): CodeIgniter\Boot::bootWeb(Object(Config\Paths))
#12 C:\XAMPP\htdocs\lab11_php_ci\ci4\system\rewrite.php(44): require_once('C:\\XAMPP\\htdocs...')
#13 {main}
CRITICAL - 2025-06-23 13:27:47 --> CodeIgniter\Database\Exceptions\DatabaseException: Unable to connect to the database.
Main connection [MySQLi]: Access denied for user ''@'localhost' (using password: NO)
[Method: GET, Route: artikel/artikel-pertama]
in SYSTEMPATH\Database\BaseConnection.php on line 467.
 1 SYSTEMPATH\Database\BaseConnection.php(620): CodeIgniter\Database\BaseConnection->initialize()
 2 SYSTEMPATH\Database\BaseBuilder.php(1649): CodeIgniter\Database\BaseConnection->query('SELECT *
FROM `artikel`
WHERE `slug` = :slug:
 LIMIT 1', [...], false)
 3 SYSTEMPATH\Model.php(330): CodeIgniter\Database\BaseBuilder->get()
 4 SYSTEMPATH\BaseModel.php(717): CodeIgniter\Model->doFirst()
 5 APPPATH\Controllers\Artikel.php(20): CodeIgniter\BaseModel->first()
 6 SYSTEMPATH\CodeIgniter.php(933): App\Controllers\Artikel->view('artikel-pertama')
 7 SYSTEMPATH\CodeIgniter.php(507): CodeIgniter\CodeIgniter->runController(Object(App\Controllers\Artikel))
 8 SYSTEMPATH\CodeIgniter.php(354): CodeIgniter\CodeIgniter->handleRequest(null, Object(Config\Cache), false)
 9 SYSTEMPATH\Boot.php(334): CodeIgniter\CodeIgniter->run()
10 SYSTEMPATH\Boot.php(67): CodeIgniter\Boot::runCodeIgniter(Object(CodeIgniter\CodeIgniter))
11 FCPATH\index.php(59): CodeIgniter\Boot::bootWeb(Object(Config\Paths))
12 SYSTEMPATH\rewrite.php(44): require_once('C:\\XAMPP\\htdocs\\lab11_php_ci\\ci4\\public\\index.php')
ERROR - 2025-06-23 13:31:36 --> Error connecting to the database: mysqli_sql_exception: Access denied for user ''@'localhost' (using password: NO) in C:\XAMPP\htdocs\lab11_php_ci\ci4\system\Database\MySQLi\Connection.php:201
Stack trace:
#0 C:\XAMPP\htdocs\lab11_php_ci\ci4\system\Database\MySQLi\Connection.php(201): mysqli->real_connect('localhost', '', Object(SensitiveParameterValue), '', 3306, '', 0)
#1 C:\XAMPP\htdocs\lab11_php_ci\ci4\system\Database\BaseConnection.php(421): CodeIgniter\Database\MySQLi\Connection->connect(false)
#2 C:\XAMPP\htdocs\lab11_php_ci\ci4\system\Database\BaseConnection.php(620): CodeIgniter\Database\BaseConnection->initialize()
#3 C:\XAMPP\htdocs\lab11_php_ci\ci4\system\Database\BaseBuilder.php(1649): CodeIgniter\Database\BaseConnection->query('SELECT *\nFROM `...', Array, false)
#4 C:\XAMPP\htdocs\lab11_php_ci\ci4\system\Model.php(330): CodeIgniter\Database\BaseBuilder->get()
#5 C:\XAMPP\htdocs\lab11_php_ci\ci4\system\BaseModel.php(717): CodeIgniter\Model->doFirst()
#6 C:\XAMPP\htdocs\lab11_php_ci\ci4\app\Controllers\Artikel.php(20): CodeIgniter\BaseModel->first()
#7 C:\XAMPP\htdocs\lab11_php_ci\ci4\system\CodeIgniter.php(933): App\Controllers\Artikel->view('artikel-pertama')
#8 C:\XAMPP\htdocs\lab11_php_ci\ci4\system\CodeIgniter.php(507): CodeIgniter\CodeIgniter->runController(Object(App\Controllers\Artikel))
#9 C:\XAMPP\htdocs\lab11_php_ci\ci4\system\CodeIgniter.php(354): CodeIgniter\CodeIgniter->handleRequest(NULL, Object(Config\Cache), false)
#10 C:\XAMPP\htdocs\lab11_php_ci\ci4\system\Boot.php(334): CodeIgniter\CodeIgniter->run()
#11 C:\XAMPP\htdocs\lab11_php_ci\ci4\system\Boot.php(67): CodeIgniter\Boot::runCodeIgniter(Object(CodeIgniter\CodeIgniter))
#12 C:\XAMPP\htdocs\lab11_php_ci\ci4\public\index.php(59): CodeIgniter\Boot::bootWeb(Object(Config\Paths))
#13 C:\XAMPP\htdocs\lab11_php_ci\ci4\system\rewrite.php(44): require_once('C:\\XAMPP\\htdocs...')
#14 {main}

Next CodeIgniter\Database\Exceptions\DatabaseException: Access denied for user ''@'localhost' (using password: NO) in C:\XAMPP\htdocs\lab11_php_ci\ci4\system\Database\MySQLi\Connection.php:246
Stack trace:
#0 C:\XAMPP\htdocs\lab11_php_ci\ci4\system\Database\BaseConnection.php(421): CodeIgniter\Database\MySQLi\Connection->connect(false)
#1 C:\XAMPP\htdocs\lab11_php_ci\ci4\system\Database\BaseConnection.php(620): CodeIgniter\Database\BaseConnection->initialize()
#2 C:\XAMPP\htdocs\lab11_php_ci\ci4\system\Database\BaseBuilder.php(1649): CodeIgniter\Database\BaseConnection->query('SELECT *\nFROM `...', Array, false)
#3 C:\XAMPP\htdocs\lab11_php_ci\ci4\system\Model.php(330): CodeIgniter\Database\BaseBuilder->get()
#4 C:\XAMPP\htdocs\lab11_php_ci\ci4\system\BaseModel.php(717): CodeIgniter\Model->doFirst()
#5 C:\XAMPP\htdocs\lab11_php_ci\ci4\app\Controllers\Artikel.php(20): CodeIgniter\BaseModel->first()
#6 C:\XAMPP\htdocs\lab11_php_ci\ci4\system\CodeIgniter.php(933): App\Controllers\Artikel->view('artikel-pertama')
#7 C:\XAMPP\htdocs\lab11_php_ci\ci4\system\CodeIgniter.php(507): CodeIgniter\CodeIgniter->runController(Object(App\Controllers\Artikel))
#8 C:\XAMPP\htdocs\lab11_php_ci\ci4\system\CodeIgniter.php(354): CodeIgniter\CodeIgniter->handleRequest(NULL, Object(Config\Cache), false)
#9 C:\XAMPP\htdocs\lab11_php_ci\ci4\system\Boot.php(334): CodeIgniter\CodeIgniter->run()
#10 C:\XAMPP\htdocs\lab11_php_ci\ci4\system\Boot.php(67): CodeIgniter\Boot::runCodeIgniter(Object(CodeIgniter\CodeIgniter))
#11 C:\XAMPP\htdocs\lab11_php_ci\ci4\public\index.php(59): CodeIgniter\Boot::bootWeb(Object(Config\Paths))
#12 C:\XAMPP\htdocs\lab11_php_ci\ci4\system\rewrite.php(44): require_once('C:\\XAMPP\\htdocs...')
#13 {main}
CRITICAL - 2025-06-23 13:31:36 --> CodeIgniter\Database\Exceptions\DatabaseException: Unable to connect to the database.
Main connection [MySQLi]: Access denied for user ''@'localhost' (using password: NO)
[Method: GET, Route: artikel/artikel-pertama]
in SYSTEMPATH\Database\BaseConnection.php on line 467.
 1 SYSTEMPATH\Database\BaseConnection.php(620): CodeIgniter\Database\BaseConnection->initialize()
 2 SYSTEMPATH\Database\BaseBuilder.php(1649): CodeIgniter\Database\BaseConnection->query('SELECT *
FROM `artikel`
WHERE `slug` = :slug:
 LIMIT 1', [...], false)
 3 SYSTEMPATH\Model.php(330): CodeIgniter\Database\BaseBuilder->get()
 4 SYSTEMPATH\BaseModel.php(717): CodeIgniter\Model->doFirst()
 5 APPPATH\Controllers\Artikel.php(20): CodeIgniter\BaseModel->first()
 6 SYSTEMPATH\CodeIgniter.php(933): App\Controllers\Artikel->view('artikel-pertama')
 7 SYSTEMPATH\CodeIgniter.php(507): CodeIgniter\CodeIgniter->runController(Object(App\Controllers\Artikel))
 8 SYSTEMPATH\CodeIgniter.php(354): CodeIgniter\CodeIgniter->handleRequest(null, Object(Config\Cache), false)
 9 SYSTEMPATH\Boot.php(334): CodeIgniter\CodeIgniter->run()
10 SYSTEMPATH\Boot.php(67): CodeIgniter\Boot::runCodeIgniter(Object(CodeIgniter\CodeIgniter))
11 FCPATH\index.php(59): CodeIgniter\Boot::bootWeb(Object(Config\Paths))
12 SYSTEMPATH\rewrite.php(44): require_once('C:\\XAMPP\\htdocs\\lab11_php_ci\\ci4\\public\\index.php')
CRITICAL - 2025-06-23 14:45:32 --> ParseError: syntax error, unexpected token ";"
[Method: POST, Route: admin/artikel/edit/6]
in APPPATH\Controllers\Artikel.php on line 98.
 1 SYSTEMPATH\Autoloader\Autoloader.php(295): CodeIgniter\Autoloader\Autoloader->includeFile('C:\\XAMPP\\htdocs\\lab11_php_ci\\ci4\\app\\Controllers\\Artikel.php')
 2 SYSTEMPATH\Autoloader\Autoloader.php(271): CodeIgniter\Autoloader\Autoloader->loadInNamespace('App\\Controllers\\Artikel')
 3 [internal function]: CodeIgniter\Autoloader\Autoloader->loadClass('App\\Controllers\\Artikel')
 4 SYSTEMPATH\CodeIgniter.php(885): class_exists('\\App\\Controllers\\Artikel', true)
 5 SYSTEMPATH\CodeIgniter.php(494): CodeIgniter\CodeIgniter->startController()
 6 SYSTEMPATH\CodeIgniter.php(354): CodeIgniter\CodeIgniter->handleRequest(null, Object(Config\Cache), false)
 7 SYSTEMPATH\Boot.php(334): CodeIgniter\CodeIgniter->run()
 8 SYSTEMPATH\Boot.php(67): CodeIgniter\Boot::runCodeIgniter(Object(CodeIgniter\CodeIgniter))
 9 FCPATH\index.php(59): CodeIgniter\Boot::bootWeb(Object(Config\Paths))
10 SYSTEMPATH\rewrite.php(44): require_once('C:\\XAMPP\\htdocs\\lab11_php_ci\\ci4\\public\\index.php')
CRITICAL - 2025-06-23 14:45:39 --> ParseError: syntax error, unexpected token ";"
[Method: POST, Route: admin/artikel/edit/6]
in APPPATH\Controllers\Artikel.php on line 98.
 1 SYSTEMPATH\Autoloader\Autoloader.php(295): CodeIgniter\Autoloader\Autoloader->includeFile('C:\\XAMPP\\htdocs\\lab11_php_ci\\ci4\\app\\Controllers\\Artikel.php')
 2 SYSTEMPATH\Autoloader\Autoloader.php(271): CodeIgniter\Autoloader\Autoloader->loadInNamespace('App\\Controllers\\Artikel')
 3 [internal function]: CodeIgniter\Autoloader\Autoloader->loadClass('App\\Controllers\\Artikel')
 4 SYSTEMPATH\CodeIgniter.php(885): class_exists('\\App\\Controllers\\Artikel', true)
 5 SYSTEMPATH\CodeIgniter.php(494): CodeIgniter\CodeIgniter->startController()
 6 SYSTEMPATH\CodeIgniter.php(354): CodeIgniter\CodeIgniter->handleRequest(null, Object(Config\Cache), false)
 7 SYSTEMPATH\Boot.php(334): CodeIgniter\CodeIgniter->run()
 8 SYSTEMPATH\Boot.php(67): CodeIgniter\Boot::runCodeIgniter(Object(CodeIgniter\CodeIgniter))
 9 FCPATH\index.php(59): CodeIgniter\Boot::bootWeb(Object(Config\Paths))
10 SYSTEMPATH\rewrite.php(44): require_once('C:\\XAMPP\\htdocs\\lab11_php_ci\\ci4\\public\\index.php')
CRITICAL - 2025-06-23 14:45:51 --> ParseError: syntax error, unexpected token ";"
[Method: GET, Route: admin/artikel]
in APPPATH\Controllers\Artikel.php on line 98.
 1 SYSTEMPATH\Autoloader\Autoloader.php(295): CodeIgniter\Autoloader\Autoloader->includeFile('C:\\XAMPP\\htdocs\\lab11_php_ci\\ci4\\app\\Controllers\\Artikel.php')
 2 SYSTEMPATH\Autoloader\Autoloader.php(271): CodeIgniter\Autoloader\Autoloader->loadInNamespace('App\\Controllers\\Artikel')
 3 [internal function]: CodeIgniter\Autoloader\Autoloader->loadClass('App\\Controllers\\Artikel')
 4 SYSTEMPATH\CodeIgniter.php(885): class_exists('\\App\\Controllers\\Artikel', true)
 5 SYSTEMPATH\CodeIgniter.php(494): CodeIgniter\CodeIgniter->startController()
 6 SYSTEMPATH\CodeIgniter.php(354): CodeIgniter\CodeIgniter->handleRequest(null, Object(Config\Cache), false)
 7 SYSTEMPATH\Boot.php(334): CodeIgniter\CodeIgniter->run()
 8 SYSTEMPATH\Boot.php(67): CodeIgniter\Boot::runCodeIgniter(Object(CodeIgniter\CodeIgniter))
 9 FCPATH\index.php(59): CodeIgniter\Boot::bootWeb(Object(Config\Paths))
10 SYSTEMPATH\rewrite.php(44): require_once('C:\\XAMPP\\htdocs\\lab11_php_ci\\ci4\\public\\index.php')
CRITICAL - 2025-06-23 14:45:54 --> ParseError: syntax error, unexpected token ";"
[Method: GET, Route: admin/artikel]
in APPPATH\Controllers\Artikel.php on line 98.
 1 SYSTEMPATH\Autoloader\Autoloader.php(295): CodeIgniter\Autoloader\Autoloader->includeFile('C:\\XAMPP\\htdocs\\lab11_php_ci\\ci4\\app\\Controllers\\Artikel.php')
 2 SYSTEMPATH\Autoloader\Autoloader.php(271): CodeIgniter\Autoloader\Autoloader->loadInNamespace('App\\Controllers\\Artikel')
 3 [internal function]: CodeIgniter\Autoloader\Autoloader->loadClass('App\\Controllers\\Artikel')
 4 SYSTEMPATH\CodeIgniter.php(885): class_exists('\\App\\Controllers\\Artikel', true)
 5 SYSTEMPATH\CodeIgniter.php(494): CodeIgniter\CodeIgniter->startController()
 6 SYSTEMPATH\CodeIgniter.php(354): CodeIgniter\CodeIgniter->handleRequest(null, Object(Config\Cache), false)
 7 SYSTEMPATH\Boot.php(334): CodeIgniter\CodeIgniter->run()
 8 SYSTEMPATH\Boot.php(67): CodeIgniter\Boot::runCodeIgniter(Object(CodeIgniter\CodeIgniter))
 9 FCPATH\index.php(59): CodeIgniter\Boot::bootWeb(Object(Config\Paths))
10 SYSTEMPATH\rewrite.php(44): require_once('C:\\XAMPP\\htdocs\\lab11_php_ci\\ci4\\public\\index.php')
CRITICAL - 2025-06-23 14:46:16 --> ParseError: syntax error, unexpected token ";"
[Method: GET, Route: admin/artikel]
in APPPATH\Controllers\Artikel.php on line 98.
 1 SYSTEMPATH\Autoloader\Autoloader.php(295): CodeIgniter\Autoloader\Autoloader->includeFile('C:\\XAMPP\\htdocs\\lab11_php_ci\\ci4\\app\\Controllers\\Artikel.php')
 2 SYSTEMPATH\Autoloader\Autoloader.php(271): CodeIgniter\Autoloader\Autoloader->loadInNamespace('App\\Controllers\\Artikel')
 3 [internal function]: CodeIgniter\Autoloader\Autoloader->loadClass('App\\Controllers\\Artikel')
 4 SYSTEMPATH\CodeIgniter.php(885): class_exists('\\App\\Controllers\\Artikel', true)
 5 SYSTEMPATH\CodeIgniter.php(494): CodeIgniter\CodeIgniter->startController()
 6 SYSTEMPATH\CodeIgniter.php(354): CodeIgniter\CodeIgniter->handleRequest(null, Object(Config\Cache), false)
 7 SYSTEMPATH\Boot.php(334): CodeIgniter\CodeIgniter->run()
 8 SYSTEMPATH\Boot.php(67): CodeIgniter\Boot::runCodeIgniter(Object(CodeIgniter\CodeIgniter))
 9 FCPATH\index.php(59): CodeIgniter\Boot::bootWeb(Object(Config\Paths))
10 SYSTEMPATH\rewrite.php(44): require_once('C:\\XAMPP\\htdocs\\lab11_php_ci\\ci4\\public\\index.php')
